<?xml version="1.0" encoding="UTF-8"?>
<robot generator="Robot 6.1.1 (Python 3.11.6 on linux)" generated="20231221 17:30:59.691" rpa="false" schemaversion="4">
<suite id="s1" name="My-Test" source="/home/yry/Documents/QA_Testing/basic-automation/test-web-uas/my-test.robot">
<test id="s1-t1" name="login-success" line="41">
<kw name="Login">
<kw name="Open Browser" library="SeleniumLibrary">
<arg>${URL}</arg>
<arg>${BROWSER}</arg>
<doc>Opens a new browser instance to the optional ``url``.</doc>
<msg timestamp="20231221 17:31:00.394" level="INFO">Opening browser 'headlessfirefox' to base url 'https://www.saucedemo.com/'.</msg>
<status status="PASS" starttime="20231221 17:31:00.391" endtime="20231221 17:31:10.420"/>
</kw>
<kw name="Wait Until Element Is Visible" library="SeleniumLibrary">
<arg>xpath://input[@name='user-name']</arg>
<doc>Waits until the element ``locator`` is visible.</doc>
<status status="PASS" starttime="20231221 17:31:10.421" endtime="20231221 17:31:10.711"/>
</kw>
<kw name="Input Text" library="SeleniumLibrary">
<arg>name:user-name</arg>
<arg>${USERNAME}</arg>
<doc>Types the given ``text`` into the text field identified by ``locator``.</doc>
<msg timestamp="20231221 17:31:10.713" level="INFO">Typing text 'standard_user' into text field 'name:user-name'.</msg>
<status status="PASS" starttime="20231221 17:31:10.712" endtime="20231221 17:31:11.386"/>
</kw>
<kw name="Input Text" library="SeleniumLibrary">
<arg>name:password</arg>
<arg>${PASSWORD}</arg>
<doc>Types the given ``text`` into the text field identified by ``locator``.</doc>
<msg timestamp="20231221 17:31:11.389" level="INFO">Typing text 'secret_sauce' into text field 'name:password'.</msg>
<status status="PASS" starttime="20231221 17:31:11.386" endtime="20231221 17:31:11.543"/>
</kw>
<kw name="Submit Form" library="SeleniumLibrary">
<doc>Submits a form identified by ``locator``.</doc>
<msg timestamp="20231221 17:31:11.548" level="INFO">Submitting form 'None'.</msg>
<status status="PASS" starttime="20231221 17:31:11.543" endtime="20231221 17:31:11.837"/>
</kw>
<kw name="Page Should Contain Element" library="SeleniumLibrary">
<arg>xpath://div[@id="shopping_cart_container"]</arg>
<doc>Verifies that element ``locator`` is found on the current page.</doc>
<msg timestamp="20231221 17:31:11.857" level="INFO">Current page contains element 'xpath://div[@id="shopping_cart_container"]'.</msg>
<status status="PASS" starttime="20231221 17:31:11.838" endtime="20231221 17:31:11.858"/>
</kw>
<kw name="Sleep" library="BuiltIn">
<arg>2</arg>
<doc>Pauses the test executed for the given time.</doc>
<msg timestamp="20231221 17:31:13.870" level="INFO">Slept 2 seconds</msg>
<status status="PASS" starttime="20231221 17:31:11.861" endtime="20231221 17:31:13.871"/>
</kw>
<status status="PASS" starttime="20231221 17:31:00.388" endtime="20231221 17:31:13.873"/>
</kw>
<kw name="Close Browser" library="SeleniumLibrary">
<doc>Closes the current browser.</doc>
<status status="PASS" starttime="20231221 17:31:13.875" endtime="20231221 17:31:15.770"/>
</kw>
<status status="PASS" starttime="20231221 17:31:00.386" endtime="20231221 17:31:15.770"/>
</test>
<test id="s1-t2" name="login-fail" line="47">
<kw name="Open Browser" library="SeleniumLibrary">
<arg>${URL}</arg>
<arg>${BROWSER}</arg>
<doc>Opens a new browser instance to the optional ``url``.</doc>
<msg timestamp="20231221 17:31:15.776" level="INFO">Opening browser 'headlessfirefox' to base url 'https://www.saucedemo.com/'.</msg>
<status status="PASS" starttime="20231221 17:31:15.774" endtime="20231221 17:31:25.517"/>
</kw>
<kw name="Wait Until Element Is Visible" library="SeleniumLibrary">
<arg>xpath://input[@name='user-name']</arg>
<doc>Waits until the element ``locator`` is visible.</doc>
<status status="PASS" starttime="20231221 17:31:25.522" endtime="20231221 17:31:26.123"/>
</kw>
<kw name="Input Text" library="SeleniumLibrary">
<arg>name:user-name</arg>
<arg>${USERNAME}</arg>
<doc>Types the given ``text`` into the text field identified by ``locator``.</doc>
<msg timestamp="20231221 17:31:26.128" level="INFO">Typing text 'standard_user' into text field 'name:user-name'.</msg>
<status status="PASS" starttime="20231221 17:31:26.126" endtime="20231221 17:31:26.875"/>
</kw>
<kw name="Input Text" library="SeleniumLibrary">
<arg>name:password</arg>
<arg>${PASSWORD2}</arg>
<doc>Types the given ``text`` into the text field identified by ``locator``.</doc>
<msg timestamp="20231221 17:31:26.889" level="INFO">Typing text 'abcde12345' into text field 'name:password'.</msg>
<status status="PASS" starttime="20231221 17:31:26.880" endtime="20231221 17:31:27.186"/>
</kw>
<kw name="Submit Form" library="SeleniumLibrary">
<doc>Submits a form identified by ``locator``.</doc>
<msg timestamp="20231221 17:31:27.186" level="INFO">Submitting form 'None'.</msg>
<status status="PASS" starttime="20231221 17:31:27.186" endtime="20231221 17:31:27.315"/>
</kw>
<kw name="Page Should Not Contain Element" library="SeleniumLibrary">
<arg>xpath://div[@id="shopping_cart_container"]</arg>
<doc>Verifies that element ``locator`` is not found on the current page.</doc>
<msg timestamp="20231221 17:31:27.349" level="INFO">Current page does not contain element 'xpath://div[@id="shopping_cart_container"]'.</msg>
<status status="PASS" starttime="20231221 17:31:27.316" endtime="20231221 17:31:27.349"/>
</kw>
<kw name="Close Browser" library="SeleniumLibrary">
<doc>Closes the current browser.</doc>
<status status="PASS" starttime="20231221 17:31:27.355" endtime="20231221 17:31:29.243"/>
</kw>
<status status="PASS" starttime="20231221 17:31:15.773" endtime="20231221 17:31:29.243"/>
</test>
<test id="s1-t3" name="logout" line="57">
<kw name="Login">
<kw name="Open Browser" library="SeleniumLibrary">
<arg>${URL}</arg>
<arg>${BROWSER}</arg>
<doc>Opens a new browser instance to the optional ``url``.</doc>
<msg timestamp="20231221 17:31:29.248" level="INFO">Opening browser 'headlessfirefox' to base url 'https://www.saucedemo.com/'.</msg>
<status status="PASS" starttime="20231221 17:31:29.246" endtime="20231221 17:31:38.108"/>
</kw>
<kw name="Wait Until Element Is Visible" library="SeleniumLibrary">
<arg>xpath://input[@name='user-name']</arg>
<doc>Waits until the element ``locator`` is visible.</doc>
<status status="PASS" starttime="20231221 17:31:38.109" endtime="20231221 17:31:38.538"/>
</kw>
<kw name="Input Text" library="SeleniumLibrary">
<arg>name:user-name</arg>
<arg>${USERNAME}</arg>
<doc>Types the given ``text`` into the text field identified by ``locator``.</doc>
<msg timestamp="20231221 17:31:38.539" level="INFO">Typing text 'standard_user' into text field 'name:user-name'.</msg>
<status status="PASS" starttime="20231221 17:31:38.538" endtime="20231221 17:31:39.095"/>
</kw>
<kw name="Input Text" library="SeleniumLibrary">
<arg>name:password</arg>
<arg>${PASSWORD}</arg>
<doc>Types the given ``text`` into the text field identified by ``locator``.</doc>
<msg timestamp="20231221 17:31:39.097" level="INFO">Typing text 'secret_sauce' into text field 'name:password'.</msg>
<status status="PASS" starttime="20231221 17:31:39.096" endtime="20231221 17:31:39.217"/>
</kw>
<kw name="Submit Form" library="SeleniumLibrary">
<doc>Submits a form identified by ``locator``.</doc>
<msg timestamp="20231221 17:31:39.218" level="INFO">Submitting form 'None'.</msg>
<status status="PASS" starttime="20231221 17:31:39.218" endtime="20231221 17:31:39.452"/>
</kw>
<kw name="Page Should Contain Element" library="SeleniumLibrary">
<arg>xpath://div[@id="shopping_cart_container"]</arg>
<doc>Verifies that element ``locator`` is found on the current page.</doc>
<msg timestamp="20231221 17:31:39.524" level="INFO">Current page contains element 'xpath://div[@id="shopping_cart_container"]'.</msg>
<status status="PASS" starttime="20231221 17:31:39.452" endtime="20231221 17:31:39.525"/>
</kw>
<kw name="Sleep" library="BuiltIn">
<arg>2</arg>
<doc>Pauses the test executed for the given time.</doc>
<msg timestamp="20231221 17:31:41.526" level="INFO">Slept 2 seconds</msg>
<status status="PASS" starttime="20231221 17:31:39.525" endtime="20231221 17:31:41.527"/>
</kw>
<status status="PASS" starttime="20231221 17:31:29.245" endtime="20231221 17:31:41.528"/>
</kw>
<kw name="Click Button" library="SeleniumLibrary">
<arg>id:react-burger-menu-btn</arg>
<doc>Clicks the button identified by ``locator``.</doc>
<msg timestamp="20231221 17:31:41.544" level="INFO">Clicking button 'id:react-burger-menu-btn'.</msg>
<status status="PASS" starttime="20231221 17:31:41.530" endtime="20231221 17:31:41.876"/>
</kw>
<kw name="Click Link" library="SeleniumLibrary">
<arg>id:logout_sidebar_link</arg>
<doc>Clicks a link identified by ``locator``.</doc>
<msg timestamp="20231221 17:31:41.879" level="INFO">Clicking link 'id:logout_sidebar_link'.</msg>
<status status="PASS" starttime="20231221 17:31:41.877" endtime="20231221 17:31:42.208"/>
</kw>
<kw name="Page Should Contain Element" library="SeleniumLibrary">
<arg>xpath://div[@id="login_button_container"]</arg>
<doc>Verifies that element ``locator`` is found on the current page.</doc>
<msg timestamp="20231221 17:31:42.221" level="INFO">Current page contains element 'xpath://div[@id="login_button_container"]'.</msg>
<status status="PASS" starttime="20231221 17:31:42.209" endtime="20231221 17:31:42.222"/>
</kw>
<kw name="Close Browser" library="SeleniumLibrary">
<doc>Closes the current browser.</doc>
<status status="PASS" starttime="20231221 17:31:42.224" endtime="20231221 17:31:44.083"/>
</kw>
<status status="PASS" starttime="20231221 17:31:29.244" endtime="20231221 17:31:44.084"/>
</test>
<test id="s1-t4" name="add-cart" line="66">
<kw name="Cart">
<kw name="Login">
<kw name="Open Browser" library="SeleniumLibrary">
<arg>${URL}</arg>
<arg>${BROWSER}</arg>
<doc>Opens a new browser instance to the optional ``url``.</doc>
<msg timestamp="20231221 17:31:44.089" level="INFO">Opening browser 'headlessfirefox' to base url 'https://www.saucedemo.com/'.</msg>
<status status="PASS" starttime="20231221 17:31:44.087" endtime="20231221 17:31:52.833"/>
</kw>
<kw name="Wait Until Element Is Visible" library="SeleniumLibrary">
<arg>xpath://input[@name='user-name']</arg>
<doc>Waits until the element ``locator`` is visible.</doc>
<status status="PASS" starttime="20231221 17:31:52.833" endtime="20231221 17:31:53.170"/>
</kw>
<kw name="Input Text" library="SeleniumLibrary">
<arg>name:user-name</arg>
<arg>${USERNAME}</arg>
<doc>Types the given ``text`` into the text field identified by ``locator``.</doc>
<msg timestamp="20231221 17:31:53.181" level="INFO">Typing text 'standard_user' into text field 'name:user-name'.</msg>
<status status="PASS" starttime="20231221 17:31:53.171" endtime="20231221 17:31:53.802"/>
</kw>
<kw name="Input Text" library="SeleniumLibrary">
<arg>name:password</arg>
<arg>${PASSWORD}</arg>
<doc>Types the given ``text`` into the text field identified by ``locator``.</doc>
<msg timestamp="20231221 17:31:53.804" level="INFO">Typing text 'secret_sauce' into text field 'name:password'.</msg>
<status status="PASS" starttime="20231221 17:31:53.802" endtime="20231221 17:31:53.936"/>
</kw>
<kw name="Submit Form" library="SeleniumLibrary">
<doc>Submits a form identified by ``locator``.</doc>
<msg timestamp="20231221 17:31:53.936" level="INFO">Submitting form 'None'.</msg>
<status status="PASS" starttime="20231221 17:31:53.936" endtime="20231221 17:31:54.207"/>
</kw>
<kw name="Page Should Contain Element" library="SeleniumLibrary">
<arg>xpath://div[@id="shopping_cart_container"]</arg>
<doc>Verifies that element ``locator`` is found on the current page.</doc>
<msg timestamp="20231221 17:31:54.301" level="INFO">Current page contains element 'xpath://div[@id="shopping_cart_container"]'.</msg>
<status status="PASS" starttime="20231221 17:31:54.207" endtime="20231221 17:31:54.301"/>
</kw>
<kw name="Sleep" library="BuiltIn">
<arg>2</arg>
<doc>Pauses the test executed for the given time.</doc>
<msg timestamp="20231221 17:31:56.309" level="INFO">Slept 2 seconds</msg>
<status status="PASS" starttime="20231221 17:31:54.308" endtime="20231221 17:31:56.310"/>
</kw>
<status status="PASS" starttime="20231221 17:31:44.087" endtime="20231221 17:31:56.311"/>
</kw>
<kw name="Click Button" library="SeleniumLibrary">
<arg>id:add-to-cart-sauce-labs-bike-light</arg>
<doc>Clicks the button identified by ``locator``.</doc>
<msg timestamp="20231221 17:31:56.317" level="INFO">Clicking button 'id:add-to-cart-sauce-labs-bike-light'.</msg>
<status status="PASS" starttime="20231221 17:31:56.312" endtime="20231221 17:31:56.637"/>
</kw>
<kw name="Click Button" library="SeleniumLibrary">
<arg>id:add-to-cart-sauce-labs-fleece-jacket</arg>
<doc>Clicks the button identified by ``locator``.</doc>
<msg timestamp="20231221 17:31:56.643" level="INFO">Clicking button 'id:add-to-cart-sauce-labs-fleece-jacket'.</msg>
<status status="PASS" starttime="20231221 17:31:56.638" endtime="20231221 17:31:56.926"/>
</kw>
<kw name="Click Element" library="SeleniumLibrary">
<arg>class:shopping_cart_link</arg>
<doc>Click the element identified by ``locator``.</doc>
<msg timestamp="20231221 17:31:56.929" level="INFO">Clicking element 'class:shopping_cart_link'.</msg>
<status status="PASS" starttime="20231221 17:31:56.927" endtime="20231221 17:31:57.249"/>
</kw>
<kw name="Sleep" library="BuiltIn">
<arg>2</arg>
<doc>Pauses the test executed for the given time.</doc>
<msg timestamp="20231221 17:31:59.252" level="INFO">Slept 2 seconds</msg>
<status status="PASS" starttime="20231221 17:31:57.250" endtime="20231221 17:31:59.253"/>
</kw>
<status status="PASS" starttime="20231221 17:31:44.086" endtime="20231221 17:31:59.254"/>
</kw>
<kw name="Close Browser" library="SeleniumLibrary">
<doc>Closes the current browser.</doc>
<status status="PASS" starttime="20231221 17:31:59.255" endtime="20231221 17:32:01.040"/>
</kw>
<status status="PASS" starttime="20231221 17:31:44.085" endtime="20231221 17:32:01.041"/>
</test>
<test id="s1-t5" name="delete-cart" line="71">
<kw name="Cart">
<kw name="Login">
<kw name="Open Browser" library="SeleniumLibrary">
<arg>${URL}</arg>
<arg>${BROWSER}</arg>
<doc>Opens a new browser instance to the optional ``url``.</doc>
<msg timestamp="20231221 17:32:01.047" level="INFO">Opening browser 'headlessfirefox' to base url 'https://www.saucedemo.com/'.</msg>
<status status="PASS" starttime="20231221 17:32:01.045" endtime="20231221 17:32:09.804"/>
</kw>
<kw name="Wait Until Element Is Visible" library="SeleniumLibrary">
<arg>xpath://input[@name='user-name']</arg>
<doc>Waits until the element ``locator`` is visible.</doc>
<status status="PASS" starttime="20231221 17:32:09.807" endtime="20231221 17:32:10.165"/>
</kw>
<kw name="Input Text" library="SeleniumLibrary">
<arg>name:user-name</arg>
<arg>${USERNAME}</arg>
<doc>Types the given ``text`` into the text field identified by ``locator``.</doc>
<msg timestamp="20231221 17:32:10.169" level="INFO">Typing text 'standard_user' into text field 'name:user-name'.</msg>
<status status="PASS" starttime="20231221 17:32:10.166" endtime="20231221 17:32:10.958"/>
</kw>
<kw name="Input Text" library="SeleniumLibrary">
<arg>name:password</arg>
<arg>${PASSWORD}</arg>
<doc>Types the given ``text`` into the text field identified by ``locator``.</doc>
<msg timestamp="20231221 17:32:10.959" level="INFO">Typing text 'secret_sauce' into text field 'name:password'.</msg>
<status status="PASS" starttime="20231221 17:32:10.958" endtime="20231221 17:32:11.227"/>
</kw>
<kw name="Submit Form" library="SeleniumLibrary">
<doc>Submits a form identified by ``locator``.</doc>
<msg timestamp="20231221 17:32:11.228" level="INFO">Submitting form 'None'.</msg>
<status status="PASS" starttime="20231221 17:32:11.228" endtime="20231221 17:32:11.388"/>
</kw>
<kw name="Page Should Contain Element" library="SeleniumLibrary">
<arg>xpath://div[@id="shopping_cart_container"]</arg>
<doc>Verifies that element ``locator`` is found on the current page.</doc>
<msg timestamp="20231221 17:32:11.460" level="INFO">Current page contains element 'xpath://div[@id="shopping_cart_container"]'.</msg>
<status status="PASS" starttime="20231221 17:32:11.388" endtime="20231221 17:32:11.461"/>
</kw>
<kw name="Sleep" library="BuiltIn">
<arg>2</arg>
<doc>Pauses the test executed for the given time.</doc>
<msg timestamp="20231221 17:32:13.468" level="INFO">Slept 2 seconds</msg>
<status status="PASS" starttime="20231221 17:32:11.466" endtime="20231221 17:32:13.469"/>
</kw>
<status status="PASS" starttime="20231221 17:32:01.044" endtime="20231221 17:32:13.470"/>
</kw>
<kw name="Click Button" library="SeleniumLibrary">
<arg>id:add-to-cart-sauce-labs-bike-light</arg>
<doc>Clicks the button identified by ``locator``.</doc>
<msg timestamp="20231221 17:32:13.480" level="INFO">Clicking button 'id:add-to-cart-sauce-labs-bike-light'.</msg>
<status status="PASS" starttime="20231221 17:32:13.471" endtime="20231221 17:32:13.797"/>
</kw>
<kw name="Click Button" library="SeleniumLibrary">
<arg>id:add-to-cart-sauce-labs-fleece-jacket</arg>
<doc>Clicks the button identified by ``locator``.</doc>
<msg timestamp="20231221 17:32:13.798" level="INFO">Clicking button 'id:add-to-cart-sauce-labs-fleece-jacket'.</msg>
<status status="PASS" starttime="20231221 17:32:13.797" endtime="20231221 17:32:14.068"/>
</kw>
<kw name="Click Element" library="SeleniumLibrary">
<arg>class:shopping_cart_link</arg>
<doc>Click the element identified by ``locator``.</doc>
<msg timestamp="20231221 17:32:14.070" level="INFO">Clicking element 'class:shopping_cart_link'.</msg>
<status status="PASS" starttime="20231221 17:32:14.069" endtime="20231221 17:32:14.343"/>
</kw>
<kw name="Sleep" library="BuiltIn">
<arg>2</arg>
<doc>Pauses the test executed for the given time.</doc>
<msg timestamp="20231221 17:32:16.345" level="INFO">Slept 2 seconds</msg>
<status status="PASS" starttime="20231221 17:32:14.344" endtime="20231221 17:32:16.346"/>
</kw>
<status status="PASS" starttime="20231221 17:32:01.043" endtime="20231221 17:32:16.346"/>
</kw>
<kw name="Click Element" library="SeleniumLibrary">
<arg>class:shopping_cart_link</arg>
<doc>Click the element identified by ``locator``.</doc>
<msg timestamp="20231221 17:32:16.347" level="INFO">Clicking element 'class:shopping_cart_link'.</msg>
<status status="PASS" starttime="20231221 17:32:16.346" endtime="20231221 17:32:16.632"/>
</kw>
<kw name="Click Button" library="SeleniumLibrary">
<arg>id:remove-sauce-labs-bike-light</arg>
<doc>Clicks the button identified by ``locator``.</doc>
<msg timestamp="20231221 17:32:16.639" level="INFO">Clicking button 'id:remove-sauce-labs-bike-light'.</msg>
<status status="PASS" starttime="20231221 17:32:16.634" endtime="20231221 17:32:16.947"/>
</kw>
<kw name="Click Button" library="SeleniumLibrary">
<arg>id:remove-sauce-labs-fleece-jacket</arg>
<doc>Clicks the button identified by ``locator``.</doc>
<msg timestamp="20231221 17:32:16.951" level="INFO">Clicking button 'id:remove-sauce-labs-fleece-jacket'.</msg>
<status status="PASS" starttime="20231221 17:32:16.948" endtime="20231221 17:32:17.233"/>
</kw>
<kw name="Close Browser" library="SeleniumLibrary">
<doc>Closes the current browser.</doc>
<status status="PASS" starttime="20231221 17:32:17.233" endtime="20231221 17:32:18.966"/>
</kw>
<status status="PASS" starttime="20231221 17:32:01.042" endtime="20231221 17:32:18.966"/>
</test>
<test id="s1-t6" name="checkout" line="79">
<kw name="Cart">
<kw name="Login">
<kw name="Open Browser" library="SeleniumLibrary">
<arg>${URL}</arg>
<arg>${BROWSER}</arg>
<doc>Opens a new browser instance to the optional ``url``.</doc>
<msg timestamp="20231221 17:32:18.972" level="INFO">Opening browser 'headlessfirefox' to base url 'https://www.saucedemo.com/'.</msg>
<status status="PASS" starttime="20231221 17:32:18.970" endtime="20231221 17:32:28.423"/>
</kw>
<kw name="Wait Until Element Is Visible" library="SeleniumLibrary">
<arg>xpath://input[@name='user-name']</arg>
<doc>Waits until the element ``locator`` is visible.</doc>
<status status="PASS" starttime="20231221 17:32:28.423" endtime="20231221 17:32:28.804"/>
</kw>
<kw name="Input Text" library="SeleniumLibrary">
<arg>name:user-name</arg>
<arg>${USERNAME}</arg>
<doc>Types the given ``text`` into the text field identified by ``locator``.</doc>
<msg timestamp="20231221 17:32:28.812" level="INFO">Typing text 'standard_user' into text field 'name:user-name'.</msg>
<status status="PASS" starttime="20231221 17:32:28.805" endtime="20231221 17:32:29.418"/>
</kw>
<kw name="Input Text" library="SeleniumLibrary">
<arg>name:password</arg>
<arg>${PASSWORD}</arg>
<doc>Types the given ``text`` into the text field identified by ``locator``.</doc>
<msg timestamp="20231221 17:32:29.422" level="INFO">Typing text 'secret_sauce' into text field 'name:password'.</msg>
<status status="PASS" starttime="20231221 17:32:29.419" endtime="20231221 17:32:29.556"/>
</kw>
<kw name="Submit Form" library="SeleniumLibrary">
<doc>Submits a form identified by ``locator``.</doc>
<msg timestamp="20231221 17:32:29.556" level="INFO">Submitting form 'None'.</msg>
<status status="PASS" starttime="20231221 17:32:29.556" endtime="20231221 17:32:29.711"/>
</kw>
<kw name="Page Should Contain Element" library="SeleniumLibrary">
<arg>xpath://div[@id="shopping_cart_container"]</arg>
<doc>Verifies that element ``locator`` is found on the current page.</doc>
<msg timestamp="20231221 17:32:29.758" level="INFO">Current page contains element 'xpath://div[@id="shopping_cart_container"]'.</msg>
<status status="PASS" starttime="20231221 17:32:29.712" endtime="20231221 17:32:29.758"/>
</kw>
<kw name="Sleep" library="BuiltIn">
<arg>2</arg>
<doc>Pauses the test executed for the given time.</doc>
<msg timestamp="20231221 17:32:31.759" level="INFO">Slept 2 seconds</msg>
<status status="PASS" starttime="20231221 17:32:29.758" endtime="20231221 17:32:31.759"/>
</kw>
<status status="PASS" starttime="20231221 17:32:18.970" endtime="20231221 17:32:31.760"/>
</kw>
<kw name="Click Button" library="SeleniumLibrary">
<arg>id:add-to-cart-sauce-labs-bike-light</arg>
<doc>Clicks the button identified by ``locator``.</doc>
<msg timestamp="20231221 17:32:31.761" level="INFO">Clicking button 'id:add-to-cart-sauce-labs-bike-light'.</msg>
<status status="PASS" starttime="20231221 17:32:31.760" endtime="20231221 17:32:32.056"/>
</kw>
<kw name="Click Button" library="SeleniumLibrary">
<arg>id:add-to-cart-sauce-labs-fleece-jacket</arg>
<doc>Clicks the button identified by ``locator``.</doc>
<msg timestamp="20231221 17:32:32.063" level="INFO">Clicking button 'id:add-to-cart-sauce-labs-fleece-jacket'.</msg>
<status status="PASS" starttime="20231221 17:32:32.057" endtime="20231221 17:32:32.374"/>
</kw>
<kw name="Click Element" library="SeleniumLibrary">
<arg>class:shopping_cart_link</arg>
<doc>Click the element identified by ``locator``.</doc>
<msg timestamp="20231221 17:32:32.376" level="INFO">Clicking element 'class:shopping_cart_link'.</msg>
<status status="PASS" starttime="20231221 17:32:32.374" endtime="20231221 17:32:32.681"/>
</kw>
<kw name="Sleep" library="BuiltIn">
<arg>2</arg>
<doc>Pauses the test executed for the given time.</doc>
<msg timestamp="20231221 17:32:34.684" level="INFO">Slept 2 seconds</msg>
<status status="PASS" starttime="20231221 17:32:32.682" endtime="20231221 17:32:34.685"/>
</kw>
<status status="PASS" starttime="20231221 17:32:18.969" endtime="20231221 17:32:34.685"/>
</kw>
<kw name="Click Button" library="SeleniumLibrary">
<arg>id:checkout</arg>
<doc>Clicks the button identified by ``locator``.</doc>
<msg timestamp="20231221 17:32:34.686" level="INFO">Clicking button 'id:checkout'.</msg>
<status status="PASS" starttime="20231221 17:32:34.685" endtime="20231221 17:32:35.002"/>
</kw>
<kw name="Page Should Contain Element" library="SeleniumLibrary">
<arg>xpath://div[@id="checkout_info_container"]</arg>
<doc>Verifies that element ``locator`` is found on the current page.</doc>
<msg timestamp="20231221 17:32:35.020" level="INFO">Current page contains element 'xpath://div[@id="checkout_info_container"]'.</msg>
<status status="PASS" starttime="20231221 17:32:35.003" endtime="20231221 17:32:35.020"/>
</kw>
<kw name="Sleep" library="BuiltIn">
<arg>2</arg>
<doc>Pauses the test executed for the given time.</doc>
<msg timestamp="20231221 17:32:37.022" level="INFO">Slept 2 seconds</msg>
<status status="PASS" starttime="20231221 17:32:35.021" endtime="20231221 17:32:37.023"/>
</kw>
<kw name="Input Text" library="SeleniumLibrary">
<arg>id:first-name</arg>
<arg>demo123</arg>
<doc>Types the given ``text`` into the text field identified by ``locator``.</doc>
<msg timestamp="20231221 17:32:37.025" level="INFO">Typing text 'demo123' into text field 'id:first-name'.</msg>
<status status="PASS" starttime="20231221 17:32:37.023" endtime="20231221 17:32:37.193"/>
</kw>
<kw name="Input Text" library="SeleniumLibrary">
<arg>id:last-name</arg>
<arg>demo123</arg>
<doc>Types the given ``text`` into the text field identified by ``locator``.</doc>
<msg timestamp="20231221 17:32:37.195" level="INFO">Typing text 'demo123' into text field 'id:last-name'.</msg>
<status status="PASS" starttime="20231221 17:32:37.194" endtime="20231221 17:32:37.290"/>
</kw>
<kw name="Input Text" library="SeleniumLibrary">
<arg>id:postal-code</arg>
<arg>112233</arg>
<doc>Types the given ``text`` into the text field identified by ``locator``.</doc>
<msg timestamp="20231221 17:32:37.292" level="INFO">Typing text '112233' into text field 'id:postal-code'.</msg>
<status status="PASS" starttime="20231221 17:32:37.290" endtime="20231221 17:32:37.389"/>
</kw>
<kw name="Submit Form" library="SeleniumLibrary">
<doc>Submits a form identified by ``locator``.</doc>
<msg timestamp="20231221 17:32:37.392" level="INFO">Submitting form 'None'.</msg>
<status status="PASS" starttime="20231221 17:32:37.392" endtime="20231221 17:32:37.488"/>
</kw>
<kw name="Page Should Contain Element" library="SeleniumLibrary">
<arg>xpath://div[@id="checkout_summary_container"]</arg>
<doc>Verifies that element ``locator`` is found on the current page.</doc>
<msg timestamp="20231221 17:32:37.509" level="INFO">Current page contains element 'xpath://div[@id="checkout_summary_container"]'.</msg>
<status status="PASS" starttime="20231221 17:32:37.495" endtime="20231221 17:32:37.509"/>
</kw>
<kw name="Sleep" library="BuiltIn">
<arg>2</arg>
<doc>Pauses the test executed for the given time.</doc>
<msg timestamp="20231221 17:32:39.513" level="INFO">Slept 2 seconds</msg>
<status status="PASS" starttime="20231221 17:32:37.512" endtime="20231221 17:32:39.513"/>
</kw>
<kw name="Execute Javascript" library="SeleniumLibrary">
<arg>window.scrollTo(0, document.body.scrollHeight)</arg>
<doc>Executes the given JavaScript code with possible arguments.</doc>
<msg timestamp="20231221 17:32:39.515" level="INFO">Executing JavaScript:
window.scrollTo(0, document.body.scrollHeight)
Without any arguments.</msg>
<status status="PASS" starttime="20231221 17:32:39.514" endtime="20231221 17:32:39.532"/>
</kw>
<kw name="Click Button" library="SeleniumLibrary">
<arg>id:finish</arg>
<doc>Clicks the button identified by ``locator``.</doc>
<msg timestamp="20231221 17:32:39.537" level="INFO">Clicking button 'id:finish'.</msg>
<status status="PASS" starttime="20231221 17:32:39.536" endtime="20231221 17:32:39.871"/>
</kw>
<kw name="Page Should Contain Element" library="SeleniumLibrary">
<arg>xpath://div[@id="checkout_complete_container"]</arg>
<doc>Verifies that element ``locator`` is found on the current page.</doc>
<msg timestamp="20231221 17:32:39.882" level="INFO">Current page contains element 'xpath://div[@id="checkout_complete_container"]'.</msg>
<status status="PASS" starttime="20231221 17:32:39.871" endtime="20231221 17:32:39.882"/>
</kw>
<kw name="Sleep" library="BuiltIn">
<arg>2</arg>
<doc>Pauses the test executed for the given time.</doc>
<msg timestamp="20231221 17:32:41.884" level="INFO">Slept 2 seconds</msg>
<status status="PASS" starttime="20231221 17:32:39.883" endtime="20231221 17:32:41.884"/>
</kw>
<kw name="Close Browser" library="SeleniumLibrary">
<doc>Closes the current browser.</doc>
<status status="PASS" starttime="20231221 17:32:41.885" endtime="20231221 17:32:43.488"/>
</kw>
<status status="PASS" starttime="20231221 17:32:18.967" endtime="20231221 17:32:43.488"/>
</test>
<status status="PASS" starttime="20231221 17:30:59.693" endtime="20231221 17:32:43.490"/>
</suite>
<statistics>
<total>
<stat pass="6" fail="0" skip="0">All Tests</stat>
</total>
<tag>
</tag>
<suite>
<stat pass="6" fail="0" skip="0" id="s1" name="My-Test">My-Test</stat>
</suite>
</statistics>
<errors>
</errors>
</robot>
